2025/01/08 13:56:46 Logging to file server.log
2025/01/08 13:56:46 Connected to MongoDB!
2025/01/08 14:02:11 Logging to file server.log
2025/01/08 14:02:11 Connected to MongoDB!
2025/01/08 14:11:21 Logging to file server.log
2025/01/08 14:11:21 Connected to MongoDB!
2025/01/08 14:16:34 Logging to file server.log
2025/01/08 14:16:34 Connected to MongoDB!
2025/01/08 14:17:28 Logging to file server.log
2025/01/08 14:17:28 Connected to MongoDB!
2025/01/08 14:21:25 Logging to file server.log
2025/01/08 14:21:25 Connected to MongoDB!
2025/01/08 14:33:45 Logging to file server.log
2025/01/08 14:33:45 Connected to MongoDB!
2025/01/08 14:33:48 Attempt to login user: KAMAbee
2025/01/08 14:33:48 User KAMAbee logged in successfully
2025/01/08 14:33:48 Admin user redirected to admin dashboard
2025/01/08 14:36:27 Server exiting
2025/01/08 14:37:15 Logging to file server.log
2025/01/08 14:37:15 Connected to MongoDB!
2025/01/08 14:41:48 Server exiting
2025/01/08 14:41:52 Logging to file server.log
2025/01/08 14:41:52 Connected to MongoDB!
2025/01/08 14:42:01 Attempt to login user: KAMAbee
2025/01/08 14:42:01 User KAMAbee logged in successfully
2025/01/08 14:42:01 Admin user redirected to admin dashboard
2025/01/08 14:45:13 Server exiting
2025/01/08 14:45:16 Logging to file server.log
2025/01/08 14:45:16 Connected to MongoDB!
2025/01/08 14:45:22 Attempt to login user: KAMAbee
2025/01/08 14:45:22 User KAMAbee logged in successfully
2025/01/08 14:45:22 Admin user redirected to admin dashboard
2025/01/08 14:47:06 Server exiting
2025/01/08 14:47:10 Logging to file server.log
2025/01/08 14:47:10 Connected to MongoDB!
2025/01/08 14:47:14 Attempt to login user: KAMAbee
2025/01/08 14:47:14 User KAMAbee logged in successfully
2025/01/08 14:47:14 Admin user redirected to admin dashboard
2025/01/08 14:47:30 Error writing file /tmp/Group 773.png: open /tmp/Group 773.png: The system cannot find the path specified.
2025/01/08 14:50:34 Server exiting
2025/01/08 14:50:38 Logging to file server.log
2025/01/08 14:50:38 Connected to MongoDB!
2025/01/08 14:50:41 Attempt to login user: KAMAbee
2025/01/08 14:50:41 User KAMAbee logged in successfully
2025/01/08 14:50:41 Admin user redirected to admin dashboard
2025/01/08 14:52:46 Server exiting
2025/01/08 14:52:50 Logging to file server.log
2025/01/08 14:52:50 Connected to MongoDB!
2025/01/08 14:54:37 Server exiting
2025/01/08 14:54:41 Logging to file server.log
2025/01/08 14:54:41 Connected to MongoDB!
2025/01/08 14:54:44 Attempt to login user: KAMAbee
2025/01/08 14:54:44 User KAMAbee logged in successfully
2025/01/08 14:54:44 Admin user redirected to admin dashboard
2025/01/08 14:56:28 Server exiting
2025/01/08 14:57:31 Logging to file server.log
2025/01/08 14:57:31 Connected to MongoDB!
2025/01/08 14:58:58 Server exiting
2025/01/08 15:04:08 Logging to file server.log
2025/01/08 15:04:08 Connected to MongoDB!
2025/01/08 15:05:42 Server exiting
2025/01/08 15:05:46 Logging to file server.log
2025/01/08 15:05:46 Connected to MongoDB!
2025/01/08 15:09:12 Server exiting
2025/01/08 15:09:16 Logging to file server.log
2025/01/08 15:09:16 Connected to MongoDB!
2025/01/08 15:09:31 Error writing file /tmp/Реферат военка.docx: open /tmp/Реферат военка.docx: The system cannot find the path specified.
2025/01/08 15:09:54 Error writing file /tmp/users.json: open /tmp/users.json: The system cannot find the path specified.
2025/01/08 15:10:10 Error writing file /tmp/book-peace-relax-study-silhouette-education-alone-sitting-hobby-nature-sunset-novel-student-man-enjoyment-reading-vacation-People-in-nature-sky-backlighting-orange-morning-horizon-sunrise-evening-afte (2).jpg: open /tmp/book-peace-relax-study-silhouette-education-alone-sitting-hobby-nature-sunset-novel-student-man-enjoyment-reading-vacation-People-in-nature-sky-backlighting-orange-morning-horizon-sunrise-evening-afte (2).jpg: The system cannot find the path specified.
2025/01/08 15:10:50 Server exiting
2025/01/08 15:10:52 Logging to file server.log
2025/01/08 15:10:52 Connected to MongoDB!
2025/01/08 15:17:47 Server exiting
2025/01/08 15:17:50 Logging to file server.log
2025/01/08 15:17:50 Connected to MongoDB!
2025/01/08 15:22:27 Server exiting
2025/01/08 15:23:05 Logging to file server.log
2025/01/08 15:23:05 Connected to MongoDB!
2025/01/08 15:26:06 Server exiting
2025/01/08 15:26:09 Logging to file server.log
2025/01/08 15:26:09 Connected to MongoDB!
2025/01/08 15:27:54 Server exiting
2025/01/08 15:27:58 Logging to file server.log
2025/01/08 15:27:58 Connected to MongoDB!
2025/01/08 15:32:40 Server exiting
2025/01/08 15:32:43 Logging to file server.log
2025/01/08 15:32:43 Connected to MongoDB!
2025/01/08 15:34:09 Server exiting
